# JRE version: OpenJDK Runtime Environment AdoptOpenJDK-16.0.1+9 (16.0.1+9) (build 16.0.1+9)
# Java VM: OpenJDK 64-Bit Server VM AdoptOpenJDK-16.0.1+9 (16.0.1+9, mixed mode, sharing, tiered, compressed oops, compressed class ptrs, g1 gc, windows-amd64)
GC Precious Log:
 CPUs: 16 total, 16 available
 Memory: 32696M
 Large Page Support: Disabled
 NUMA Support: Disabled
 Compressed Oops: Enabled (Zero based)
 Heap Region Size: 4M
 Heap Min Capacity: 8M
 Heap Initial Capacity: 512M
 Heap Max Capacity: 8176M
 Pre-touch: Disabled
 Parallel Workers: 13
 Concurrent Workers: 3
 Concurrent Refinement Workers: 13
 Periodic GC: Disabled
Heap:
 garbage-first heap   total 757760K, used 416151K [0x0000000601000000, 0x0000000800000000)
  region size 4096K, 49 young (200704K), 1 survivors (4096K)
 Metaspace       used 12006K, committed 12288K, reserved 1064960K
  class space    used 688K, committed 832K, reserved 1048576K
GC Heap History (20 events):
Event: 1189.665 GC heap before
{Heap before GC invocations=5674 (full 0):
 garbage-first heap   total 757760K, used 670059K [0x0000000601000000, 0x0000000800000000)
  region size 4096K, 110 young (450560K), 1 survivors (4096K)
 Metaspace       used 12006K, committed 12288K, reserved 1064960K
  class space    used 688K, committed 832K, reserved 1048576K
}
Event: 1189.666 GC heap after
{Heap after GC invocations=5675 (full 0):
 garbage-first heap   total 757760K, used 223607K [0x0000000601000000, 0x0000000800000000)
  region size 4096K, 1 young (4096K), 1 survivors (4096K)
 Metaspace       used 12006K, committed 12288K, reserved 1064960K
  class space    used 688K, committed 832K, reserved 1048576K
}
Event: 1189.877 GC heap before
{Heap before GC invocations=5675 (full 0):
 garbage-first heap   total 757760K, used 670071K [0x0000000601000000, 0x0000000800000000)
  region size 4096K, 110 young (450560K), 1 survivors (4096K)
 Metaspace       used 12006K, committed 12288K, reserved 1064960K
  class space    used 688K, committed 832K, reserved 1048576K
}
Event: 1189.878 GC heap after
{Heap after GC invocations=5676 (full 0):
 garbage-first heap   total 757760K, used 223618K [0x0000000601000000, 0x0000000800000000)
  region size 4096K, 1 young (4096K), 1 survivors (4096K)
 Metaspace       used 12006K, committed 12288K, reserved 1064960K
  class space    used 688K, committed 832K, reserved 1048576K
}
Event: 1190.086 GC heap before
{Heap before GC invocations=5676 (full 0):
 garbage-first heap   total 757760K, used 670082K [0x0000000601000000, 0x0000000800000000)
  region size 4096K, 110 young (450560K), 1 survivors (4096K)
 Metaspace       used 12006K, committed 12288K, reserved 1064960K
  class space    used 688K, committed 832K, reserved 1048576K
}
Event: 1190.086 GC heap after
{Heap after GC invocations=5677 (full 0):
 garbage-first heap   total 757760K, used 223628K [0x0000000601000000, 0x0000000800000000)
  region size 4096K, 1 young (4096K), 1 survivors (4096K)
 Metaspace       used 12006K, committed 12288K, reserved 1064960K
  class space    used 688K, committed 832K, reserved 1048576K
}
Event: 1190.292 GC heap before
{Heap before GC invocations=5677 (full 0):
 garbage-first heap   total 757760K, used 670092K [0x0000000601000000, 0x0000000800000000)
  region size 4096K, 110 young (450560K), 1 survivors (4096K)
 Metaspace       used 12006K, committed 12288K, reserved 1064960K
  class space    used 688K, committed 832K, reserved 1048576K
}
Event: 1190.292 GC heap after
{Heap after GC invocations=5678 (full 0):
 garbage-first heap   total 757760K, used 223630K [0x0000000601000000, 0x0000000800000000)
  region size 4096K, 1 young (4096K), 1 survivors (4096K)
 Metaspace       used 12006K, committed 12288K, reserved 1064960K
  class space    used 688K, committed 832K, reserved 1048576K
}
Event: 1190.497 GC heap before
{Heap before GC invocations=5678 (full 0):
 garbage-first heap   total 757760K, used 670094K [0x0000000601000000, 0x0000000800000000)
  region size 4096K, 110 young (450560K), 1 survivors (4096K)
 Metaspace       used 12006K, committed 12288K, reserved 1064960K
  class space    used 688K, committed 832K, reserved 1048576K
}
Event: 1190.497 GC heap after
{Heap after GC invocations=5679 (full 0):
 garbage-first heap   total 757760K, used 223632K [0x0000000601000000, 0x0000000800000000)
  region size 4096K, 1 young (4096K), 1 survivors (4096K)
 Metaspace       used 12006K, committed 12288K, reserved 1064960K
  class space    used 688K, committed 832K, reserved 1048576K
}
Event: 1190.701 GC heap before
{Heap before GC invocations=5679 (full 0):
 garbage-first heap   total 757760K, used 670096K [0x0000000601000000, 0x0000000800000000)
  region size 4096K, 110 young (450560K), 1 survivors (4096K)
 Metaspace       used 12006K, committed 12288K, reserved 1064960K
  class space    used 688K, committed 832K, reserved 1048576K
}
Event: 1190.701 GC heap after
{Heap after GC invocations=5680 (full 0):
 garbage-first heap   total 757760K, used 223632K [0x0000000601000000, 0x0000000800000000)
  region size 4096K, 1 young (4096K), 1 survivors (4096K)
 Metaspace       used 12006K, committed 12288K, reserved 1064960K
  class space    used 688K, committed 832K, reserved 1048576K
}
Event: 1190.908 GC heap before
{Heap before GC invocations=5680 (full 0):
 garbage-first heap   total 757760K, used 670096K [0x0000000601000000, 0x0000000800000000)
  region size 4096K, 110 young (450560K), 1 survivors (4096K)
 Metaspace       used 12006K, committed 12288K, reserved 1064960K
  class space    used 688K, committed 832K, reserved 1048576K
}
Event: 1190.909 GC heap after
{Heap after GC invocations=5681 (full 0):
 garbage-first heap   total 757760K, used 223630K [0x0000000601000000, 0x0000000800000000)
  region size 4096K, 1 young (4096K), 1 survivors (4096K)
 Metaspace       used 12006K, committed 12288K, reserved 1064960K
  class space    used 688K, committed 832K, reserved 1048576K
}
Event: 1191.112 GC heap before
{Heap before GC invocations=5681 (full 0):
 garbage-first heap   total 757760K, used 670094K [0x0000000601000000, 0x0000000800000000)
  region size 4096K, 110 young (450560K), 1 survivors (4096K)
 Metaspace       used 12006K, committed 12288K, reserved 1064960K
  class space    used 688K, committed 832K, reserved 1048576K
}
Event: 1191.112 GC heap after
{Heap after GC invocations=5682 (full 0):
 garbage-first heap   total 757760K, used 223641K [0x0000000601000000, 0x0000000800000000)
  region size 4096K, 1 young (4096K), 1 survivors (4096K)
 Metaspace       used 12006K, committed 12288K, reserved 1064960K
  class space    used 688K, committed 832K, reserved 1048576K
}
Event: 1191.312 GC heap before
{Heap before GC invocations=5682 (full 0):
 garbage-first heap   total 757760K, used 670105K [0x0000000601000000, 0x0000000800000000)
  region size 4096K, 110 young (450560K), 1 survivors (4096K)
 Metaspace       used 12006K, committed 12288K, reserved 1064960K
  class space    used 688K, committed 832K, reserved 1048576K
}
Event: 1191.312 GC heap after
{Heap after GC invocations=5683 (full 0):
 garbage-first heap   total 757760K, used 223639K [0x0000000601000000, 0x0000000800000000)
  region size 4096K, 1 young (4096K), 1 survivors (4096K)
 Metaspace       used 12006K, committed 12288K, reserved 1064960K
  class space    used 688K, committed 832K, reserved 1048576K
}
Event: 1191.512 GC heap before
{Heap before GC invocations=5683 (full 0):
 garbage-first heap   total 757760K, used 670103K [0x0000000601000000, 0x0000000800000000)
  region size 4096K, 110 young (450560K), 1 survivors (4096K)
 Metaspace       used 12006K, committed 12288K, reserved 1064960K
  class space    used 688K, committed 832K, reserved 1048576K
}
Event: 1191.512 GC heap after
{Heap after GC invocations=5684 (full 0):
 garbage-first heap   total 757760K, used 223639K [0x0000000601000000, 0x0000000800000000)
  region size 4096K, 1 young (4096K), 1 survivors (4096K)
 Metaspace       used 12006K, committed 12288K, reserved 1064960K
  class space    used 688K, committed 832K, reserved 1048576K
}

