# JRE version: OpenJDK Runtime Environment AdoptOpenJDK-16.0.1+9 (16.0.1+9) (build 16.0.1+9)
# Java VM: OpenJDK 64-Bit Server VM AdoptOpenJDK-16.0.1+9 (16.0.1+9, mixed mode, sharing, tiered, compressed oops, compressed class ptrs, g1 gc, windows-amd64)
GC Precious Log:
 CPUs: 16 total, 16 available
 Memory: 32696M
 Large Page Support: Disabled
 NUMA Support: Disabled
 Compressed Oops: Enabled (Zero based)
 Heap Region Size: 4M
 Heap Min Capacity: 8M
 Heap Initial Capacity: 512M
 Heap Max Capacity: 8176M
 Pre-touch: Disabled
 Parallel Workers: 13
 Concurrent Workers: 3
 Concurrent Refinement Workers: 13
 Periodic GC: Disabled
Heap:
 garbage-first heap   total 757760K, used 403737K [0x0000000601000000, 0x0000000800000000)
  region size 4096K, 73 young (299008K), 2 survivors (8192K)
 Metaspace       used 11753K, committed 12032K, reserved 1064960K
  class space    used 683K, committed 832K, reserved 1048576K
GC Heap History (20 events):
Event: 23.595 GC heap before
{Heap before GC invocations=88 (full 0):
 garbage-first heap   total 757760K, used 559595K [0x0000000601000000, 0x0000000800000000)
  region size 4096K, 111 young (454656K), 2 survivors (8192K)
 Metaspace       used 11752K, committed 12032K, reserved 1064960K
  class space    used 683K, committed 832K, reserved 1048576K
}
Event: 23.596 GC heap after
{Heap after GC invocations=89 (full 0):
 garbage-first heap   total 757760K, used 113169K [0x0000000601000000, 0x0000000800000000)
  region size 4096K, 2 young (8192K), 2 survivors (8192K)
 Metaspace       used 11752K, committed 12032K, reserved 1064960K
  class space    used 683K, committed 832K, reserved 1048576K
}
Event: 23.893 GC heap before
{Heap before GC invocations=89 (full 0):
 garbage-first heap   total 757760K, used 559633K [0x0000000601000000, 0x0000000800000000)
  region size 4096K, 111 young (454656K), 2 survivors (8192K)
 Metaspace       used 11753K, committed 12032K, reserved 1064960K
  class space    used 683K, committed 832K, reserved 1048576K
}
Event: 23.894 GC heap after
{Heap after GC invocations=90 (full 0):
 garbage-first heap   total 757760K, used 113158K [0x0000000601000000, 0x0000000800000000)
  region size 4096K, 2 young (8192K), 2 survivors (8192K)
 Metaspace       used 11753K, committed 12032K, reserved 1064960K
  class space    used 683K, committed 832K, reserved 1048576K
}
Event: 24.198 GC heap before
{Heap before GC invocations=90 (full 0):
 garbage-first heap   total 757760K, used 559622K [0x0000000601000000, 0x0000000800000000)
  region size 4096K, 111 young (454656K), 2 survivors (8192K)
 Metaspace       used 11753K, committed 12032K, reserved 1064960K
  class space    used 683K, committed 832K, reserved 1048576K
}
Event: 24.199 GC heap after
{Heap after GC invocations=91 (full 0):
 garbage-first heap   total 757760K, used 113176K [0x0000000601000000, 0x0000000800000000)
  region size 4096K, 2 young (8192K), 2 survivors (8192K)
 Metaspace       used 11753K, committed 12032K, reserved 1064960K
  class space    used 683K, committed 832K, reserved 1048576K
}
Event: 24.505 GC heap before
{Heap before GC invocations=91 (full 0):
 garbage-first heap   total 757760K, used 559640K [0x0000000601000000, 0x0000000800000000)
  region size 4096K, 111 young (454656K), 2 survivors (8192K)
 Metaspace       used 11753K, committed 12032K, reserved 1064960K
  class space    used 683K, committed 832K, reserved 1048576K
}
Event: 24.505 GC heap after
{Heap after GC invocations=92 (full 0):
 garbage-first heap   total 757760K, used 113158K [0x0000000601000000, 0x0000000800000000)
  region size 4096K, 2 young (8192K), 2 survivors (8192K)
 Metaspace       used 11753K, committed 12032K, reserved 1064960K
  class space    used 683K, committed 832K, reserved 1048576K
}
Event: 24.795 GC heap before
{Heap before GC invocations=92 (full 0):
 garbage-first heap   total 757760K, used 559622K [0x0000000601000000, 0x0000000800000000)
  region size 4096K, 111 young (454656K), 2 survivors (8192K)
 Metaspace       used 11753K, committed 12032K, reserved 1064960K
  class space    used 683K, committed 832K, reserved 1048576K
}
Event: 24.796 GC heap after
{Heap after GC invocations=93 (full 0):
 garbage-first heap   total 757760K, used 113523K [0x0000000601000000, 0x0000000800000000)
  region size 4096K, 2 young (8192K), 2 survivors (8192K)
 Metaspace       used 11753K, committed 12032K, reserved 1064960K
  class space    used 683K, committed 832K, reserved 1048576K
}
Event: 25.100 GC heap before
{Heap before GC invocations=93 (full 0):
 garbage-first heap   total 757760K, used 559987K [0x0000000601000000, 0x0000000800000000)
  region size 4096K, 111 young (454656K), 2 survivors (8192K)
 Metaspace       used 11753K, committed 12032K, reserved 1064960K
  class space    used 683K, committed 832K, reserved 1048576K
}
Event: 25.101 GC heap after
{Heap after GC invocations=94 (full 0):
 garbage-first heap   total 757760K, used 113513K [0x0000000601000000, 0x0000000800000000)
  region size 4096K, 1 young (4096K), 1 survivors (4096K)
 Metaspace       used 11753K, committed 12032K, reserved 1064960K
  class space    used 683K, committed 832K, reserved 1048576K
}
Event: 25.383 GC heap before
{Heap before GC invocations=94 (full 0):
 garbage-first heap   total 757760K, used 564073K [0x0000000601000000, 0x0000000800000000)
  region size 4096K, 111 young (454656K), 1 survivors (4096K)
 Metaspace       used 11753K, committed 12032K, reserved 1064960K
  class space    used 683K, committed 832K, reserved 1048576K
}
Event: 25.384 GC heap after
{Heap after GC invocations=95 (full 0):
 garbage-first heap   total 757760K, used 114059K [0x0000000601000000, 0x0000000800000000)
  region size 4096K, 1 young (4096K), 1 survivors (4096K)
 Metaspace       used 11753K, committed 12032K, reserved 1064960K
  class space    used 683K, committed 832K, reserved 1048576K
}
Event: 25.684 GC heap before
{Heap before GC invocations=95 (full 0):
 garbage-first heap   total 757760K, used 564619K [0x0000000601000000, 0x0000000800000000)
  region size 4096K, 111 young (454656K), 1 survivors (4096K)
 Metaspace       used 11753K, committed 12032K, reserved 1064960K
  class space    used 683K, committed 832K, reserved 1048576K
}
Event: 25.685 GC heap after
{Heap after GC invocations=96 (full 0):
 garbage-first heap   total 757760K, used 115150K [0x0000000601000000, 0x0000000800000000)
  region size 4096K, 1 young (4096K), 1 survivors (4096K)
 Metaspace       used 11753K, committed 12032K, reserved 1064960K
  class space    used 683K, committed 832K, reserved 1048576K
}
Event: 25.965 GC heap before
{Heap before GC invocations=96 (full 0):
 garbage-first heap   total 757760K, used 565710K [0x0000000601000000, 0x0000000800000000)
  region size 4096K, 111 young (454656K), 1 survivors (4096K)
 Metaspace       used 11753K, committed 12032K, reserved 1064960K
  class space    used 683K, committed 832K, reserved 1048576K
}
Event: 25.966 GC heap after
{Heap after GC invocations=97 (full 0):
 garbage-first heap   total 757760K, used 115182K [0x0000000601000000, 0x0000000800000000)
  region size 4096K, 1 young (4096K), 1 survivors (4096K)
 Metaspace       used 11753K, committed 12032K, reserved 1064960K
  class space    used 683K, committed 832K, reserved 1048576K
}
Event: 26.233 GC heap before
{Heap before GC invocations=97 (full 0):
 garbage-first heap   total 757760K, used 565742K [0x0000000601000000, 0x0000000800000000)
  region size 4096K, 111 young (454656K), 1 survivors (4096K)
 Metaspace       used 11753K, committed 12032K, reserved 1064960K
  class space    used 683K, committed 832K, reserved 1048576K
}
Event: 26.234 GC heap after
{Heap after GC invocations=98 (full 0):
 garbage-first heap   total 757760K, used 117017K [0x0000000601000000, 0x0000000800000000)
  region size 4096K, 2 young (8192K), 2 survivors (8192K)
 Metaspace       used 11753K, committed 12032K, reserved 1064960K
  class space    used 683K, committed 832K, reserved 1048576K
}

